0 info it worked if it ends with ok
1 verbose cli [ '/usr/local/Cellar/node/6.5.0/bin/node',
1 verbose cli   '/usr/local/bin/npm',
1 verbose cli   'run',
1 verbose cli   'server' ]
2 info using npm@3.10.3
3 info using node@v6.5.0
4 verbose run-script [ 'preserver', 'server', 'postserver' ]
5 info lifecycle sequelize-postgres-express-redis-kit@1.0.0~preserver: sequelize-postgres-express-redis-kit@1.0.0
6 silly lifecycle sequelize-postgres-express-redis-kit@1.0.0~preserver: no script for preserver, continuing
7 info lifecycle sequelize-postgres-express-redis-kit@1.0.0~server: sequelize-postgres-express-redis-kit@1.0.0
8 verbose lifecycle sequelize-postgres-express-redis-kit@1.0.0~server: unsafe-perm in lifecycle true
9 verbose lifecycle sequelize-postgres-express-redis-kit@1.0.0~server: PATH: /usr/local/lib/node_modules/npm/bin/node-gyp-bin:/Users/deepak/Desktop/projects/self/sequelize-postgres-express-redis-kit/node_modules/.bin:/usr/local/Cellar/node/6.5.0/bin:/Users/deepak/Library/Android/sdk/platform-tools/:/Users/deepak/Library/Android/sdk/tools/:/usr/local/bin:/usr/bin:/bin:/usr/sbin:/sbin
10 verbose lifecycle sequelize-postgres-express-redis-kit@1.0.0~server: CWD: /Users/deepak/Desktop/projects/self/sequelize-postgres-express-redis-kit
11 silly lifecycle sequelize-postgres-express-redis-kit@1.0.0~server: Args: [ '-c', 'NODE_PATH=. babel-node ./app/server.js' ]
12 silly lifecycle sequelize-postgres-express-redis-kit@1.0.0~server: Returned: code: 1  signal: null
13 info lifecycle sequelize-postgres-express-redis-kit@1.0.0~server: Failed to exec server script
14 verbose stack Error: sequelize-postgres-express-redis-kit@1.0.0 server: `NODE_PATH=. babel-node ./app/server.js`
14 verbose stack Exit status 1
14 verbose stack     at EventEmitter.<anonymous> (/usr/local/lib/node_modules/npm/lib/utils/lifecycle.js:242:16)
14 verbose stack     at emitTwo (events.js:106:13)
14 verbose stack     at EventEmitter.emit (events.js:191:7)
14 verbose stack     at ChildProcess.<anonymous> (/usr/local/lib/node_modules/npm/lib/utils/spawn.js:40:14)
14 verbose stack     at emitTwo (events.js:106:13)
14 verbose stack     at ChildProcess.emit (events.js:191:7)
14 verbose stack     at maybeClose (internal/child_process.js:877:16)
14 verbose stack     at Process.ChildProcess._handle.onexit (internal/child_process.js:226:5)
15 verbose pkgid sequelize-postgres-express-redis-kit@1.0.0
16 verbose cwd /Users/deepak/Desktop/projects/self/sequelize-postgres-express-redis-kit
17 error Darwin 16.5.0
18 error argv "/usr/local/Cellar/node/6.5.0/bin/node" "/usr/local/bin/npm" "run" "server"
19 error node v6.5.0
20 error npm  v3.10.3
21 error code ELIFECYCLE
22 error sequelize-postgres-express-redis-kit@1.0.0 server: `NODE_PATH=. babel-node ./app/server.js`
22 error Exit status 1
23 error Failed at the sequelize-postgres-express-redis-kit@1.0.0 server script 'NODE_PATH=. babel-node ./app/server.js'.
23 error Make sure you have the latest version of node.js and npm installed.
23 error If you do, this is most likely a problem with the sequelize-postgres-express-redis-kit package,
23 error not with npm itself.
23 error Tell the author that this fails on your system:
23 error     NODE_PATH=. babel-node ./app/server.js
23 error You can get information on how to open an issue for this project with:
23 error     npm bugs sequelize-postgres-express-redis-kit
23 error Or if that isn't available, you can get their info via:
23 error     npm owner ls sequelize-postgres-express-redis-kit
23 error There is likely additional logging output above.
24 verbose exit [ 1, true ]
